<?xml version="1.0" encoding="UTF-8"?>
<!-- Generated by org.testng.reporters.JUnitXMLReporter -->
<testsuite ignored="0" hostname="DESKTOP-4EOT2PJ" failures="7" tests="21" name="Tests" time="29.139" errors="0" timestamp="2022-10-12T14:58:12 ART">
  <testcase classname="testSuit.testCases.HomePageTest" name="loadPageUrlSuccessful" time="0.334"/>
  <testcase classname="testSuit.testCases.HomePageTest" name="suggestionCountries" time="0.577"/>
  <testcase classname="testSuit.testCases.HomePageTest" name="dropDownOptions" time="0.293"/>
  <testcase classname="testSuit.testCases.HomePageTest" name="windowsExampleLoadSuccessful" time="5.455"/>
  <testcase classname="testSuit.testCases.HomePageTest" name="windowsExampleTextForInDepth" time="0.035">
    <failure type="java.lang.AssertionError" message="expected [Top class material designed on all courses for making you better in depth understanding of the concepts taught in the lectures.] but found [Top class material designed on all courses for making you better indepth understanding of the concepts taught in the lectures]">
      <![CDATA[java.lang.AssertionError: expected [Top class material designed on all courses for making you better in depth understanding of the concepts taught in the lectures.] but found [Top class material designed on all courses for making you better indepth understanding of the concepts taught in the lectures]
at testSuit.testCases.HomePageTest.windowsExampleTextForInDepth(HomePageTest.java:146)
at java.base/java.util.ArrayList.forEach(ArrayList.java:1511)
... Removed 35 stack frames]]>
    </failure>
  </testcase> <!-- windowsExampleTextForInDepth -->
  <testcase classname="testSuit.testCases.HomePageTest" name="windowsExampleTextForLifeTime" time="0.022">
    <failure type="java.lang.AssertionError" message="expected [We are happy to help you on any query in the course you are enrolled in. Trainer will reach out to you personally once you sign up with the course.] but found [We are happy to help you on any query in the course you are enrolled in.Trainer will reach out to you personally once you signup with the course]">
      <![CDATA[java.lang.AssertionError: expected [We are happy to help you on any query in the course you are enrolled in. Trainer will reach out to you personally once you sign up with the course.] but found [We are happy to help you on any query in the course you are enrolled in.Trainer will reach out to you personally once you signup with the course]
at testSuit.testCases.HomePageTest.windowsExampleTextForLifeTime(HomePageTest.java:154)
at java.base/java.util.ArrayList.forEach(ArrayList.java:1511)
... Removed 35 stack frames]]>
    </failure>
  </testcase> <!-- windowsExampleTextForLifeTime -->
  <testcase classname="testSuit.testCases.HomePageTest" name="windowsExampleTextForResumePreparation" time="0.027">
    <failure type="java.lang.AssertionError" message="expected [We will help you in preparing the resume and provide good number of Interview questions once you have completed the entire course.] but found [We will help you in preparing the resume and provide good number of Interview questions once you have complete the entire course.]">
      <![CDATA[java.lang.AssertionError: expected [We will help you in preparing the resume and provide good number of Interview questions once you have completed the entire course.] but found [We will help you in preparing the resume and provide good number of Interview questions once you have complete the entire course.]
at testSuit.testCases.HomePageTest.windowsExampleTextForResumePreparation(HomePageTest.java:163)
at java.base/java.util.ArrayList.forEach(ArrayList.java:1511)
... Removed 35 stack frames]]>
    </failure>
  </testcase> <!-- windowsExampleTextForResumePreparation -->
  <testcase classname="testSuit.testCases.HomePageTest" name="windowsExampleTextForSelfPeace" time="0.023">
    <failure type="java.lang.AssertionError" message="expected [You can access the videos on 24* 7 for Lifetime. You can access the videos in iPad/Mobile too.] but found [You can access the videos on 24* 7 for Life time. You can access the videos in IPad/Mobile too.]">
      <![CDATA[java.lang.AssertionError: expected [You can access the videos on 24* 7 for Lifetime. You can access the videos in iPad/Mobile too.] but found [You can access the videos on 24* 7 for Life time. You can access the videos in IPad/Mobile too.]
at testSuit.testCases.HomePageTest.windowsExampleTextForSelfPeace(HomePageTest.java:137)
at java.base/java.util.ArrayList.forEach(ArrayList.java:1511)
... Removed 35 stack frames]]>
    </failure>
  </testcase> <!-- windowsExampleTextForSelfPeace -->
  <testcase classname="testSuit.testCases.HomePageTest" name="windowsExampleTitle30DayMoneyBack" time="0.021"/>
  <testcase classname="testSuit.testCases.HomePageTest" name="windowsExampleTitleInDepth" time="0.023"/>
  <testcase classname="testSuit.testCases.HomePageTest" name="windowsExampleTitleLifeTime" time="0.023">
    <failure type="java.lang.AssertionError" message="expected [LIFETIME INSTRUCTOR SUPPORT] but found [LIFE TIME INSTRUCTOR SUPPORT]">
      <![CDATA[java.lang.AssertionError: expected [LIFETIME INSTRUCTOR SUPPORT] but found [LIFE TIME INSTRUCTOR SUPPORT]
at testSuit.testCases.HomePageTest.windowsExampleTitleLifeTime(HomePageTest.java:112)
at java.base/java.util.ArrayList.forEach(ArrayList.java:1511)
... Removed 35 stack frames]]>
    </failure>
  </testcase> <!-- windowsExampleTitleLifeTime -->
  <testcase classname="testSuit.testCases.HomePageTest" name="windowsExampleTitleResumePreparation" time="0.022"/>
  <testcase classname="testSuit.testCases.HomePageTest" name="windowsExampleTitleSelfPaced" time="0.033"/>
  <testcase classname="testSuit.testCases.HomePageTest" name="windowsExampleTextFor30DayMoney" time="0.116"/>
  <testcase classname="testSuit.testCases.HomePageTest" name="windowsTabExampleLoadSuccessful" time="1.704"/>
  <testcase classname="testSuit.testCases.HomePageTest" name="windowsTabExampleViewAllCoursesButton" time="1.008"/>
  <testcase classname="testSuit.testCases.HomePageTest" name="switchToAlert" time="0.166">
    <failure type="java.lang.AssertionError" message="expected [Hello Stori Card, Are you sure you want to confirm?] but found [Hello Stori Card, share this practice page and share your knowledge]">
      <![CDATA[java.lang.AssertionError: expected [Hello Stori Card, Are you sure you want to confirm?] but found [Hello Stori Card, share this practice page and share your knowledge]
at testSuit.testCases.HomePageTest.switchToAlert(HomePageTest.java:207)
at java.base/java.util.ArrayList.forEach(ArrayList.java:1511)
... Removed 35 stack frames]]>
    </failure>
  </testcase> <!-- switchToAlert -->
  <testcase classname="testSuit.testCases.HomePageTest" name="switchToAlertAndAccept" time="0.007">
    <failure type="org.openqa.selenium.NoAlertPresentException" message="no such alert
  (Session info: chrome=105.0.5195.127)
Build info: version: &amp;apos;4.5.0&amp;apos;, revision: &amp;apos;fe167b119a&amp;apos;
System info: os.name: &amp;apos;Windows 11&amp;apos;, os.arch: &amp;apos;amd64&amp;apos;, os.version: &amp;apos;10.0&amp;apos;, java.version: &amp;apos;19&amp;apos;
Driver info: org.openqa.selenium.chrome.ChromeDriver
Command: [ab10d928796cfe85a2b39dbe648f668f, getAlertText {}]
Capabilities {acceptInsecureCerts: false, browserName: chrome, browserVersion: 105.0.5195.127, chrome: {chromedriverVersion: 105.0.5195.52 (412c95e51883..., userDataDir: C:\Users\nesto\AppData\Loca...}, goog:chromeOptions: {debuggerAddress: localhost:62747}, networkConnectionEnabled: false, pageLoadStrategy: normal, platformName: WINDOWS, proxy: Proxy(), se:cdp: ws://localhost:62747/devtoo..., se:cdpVersion: 105.0.5195.127, setWindowRect: true, strictFileInteractability: false, timeouts: {implicit: 0, pageLoad: 300000, script: 30000}, unhandledPromptBehavior: dismiss and notify, webauthn:extension:credBlob: true, webauthn:extension:largeBlob: true, webauthn:virtualAuthenticators: true}
Session ID: ab10d928796cfe85a2b39dbe648f668f">
      <![CDATA[org.openqa.selenium.NoAlertPresentException: no such alert
  (Session info: chrome=105.0.5195.127)
Build info: version: '4.5.0', revision: 'fe167b119a'
System info: os.name: 'Windows 11', os.arch: 'amd64', os.version: '10.0', java.version: '19'
Driver info: org.openqa.selenium.chrome.ChromeDriver
Command: [ab10d928796cfe85a2b39dbe648f668f, getAlertText {}]
Capabilities {acceptInsecureCerts: false, browserName: chrome, browserVersion: 105.0.5195.127, chrome: {chromedriverVersion: 105.0.5195.52 (412c95e51883..., userDataDir: C:\Users\nesto\AppData\Loca...}, goog:chromeOptions: {debuggerAddress: localhost:62747}, networkConnectionEnabled: false, pageLoadStrategy: normal, platformName: WINDOWS, proxy: Proxy(), se:cdp: ws://localhost:62747/devtoo..., se:cdpVersion: 105.0.5195.127, setWindowRect: true, strictFileInteractability: false, timeouts: {implicit: 0, pageLoad: 300000, script: 30000}, unhandledPromptBehavior: dismiss and notify, webauthn:extension:credBlob: true, webauthn:extension:largeBlob: true, webauthn:virtualAuthenticators: true}
Session ID: ab10d928796cfe85a2b39dbe648f668f
at org.openqa.selenium.remote.codec.w3c.W3CHttpResponseCodec.createException(W3CHttpResponseCodec.java:200)
at org.openqa.selenium.remote.codec.w3c.W3CHttpResponseCodec.decode(W3CHttpResponseCodec.java:133)
at org.openqa.selenium.remote.codec.w3c.W3CHttpResponseCodec.decode(W3CHttpResponseCodec.java:53)
at org.openqa.selenium.remote.HttpCommandExecutor.execute(HttpCommandExecutor.java:184)
at org.openqa.selenium.remote.service.DriverCommandExecutor.invokeExecute(DriverCommandExecutor.java:167)
at org.openqa.selenium.remote.service.DriverCommandExecutor.execute(DriverCommandExecutor.java:142)
at org.openqa.selenium.remote.RemoteWebDriver.execute(RemoteWebDriver.java:547)
at org.openqa.selenium.remote.RemoteWebDriver.execute(RemoteWebDriver.java:602)
at org.openqa.selenium.remote.RemoteWebDriver.execute(RemoteWebDriver.java:606)
at org.openqa.selenium.remote.RemoteWebDriver$RemoteTargetLocator.alert(RemoteWebDriver.java:1084)
at testSuit.testCases.HomePageTest.switchToAlertAndAccept(HomePageTest.java:215)
at java.base/java.util.ArrayList.forEach(ArrayList.java:1511)
... Removed 32 stack frames]]>
    </failure>
  </testcase> <!-- switchToAlertAndAccept -->
  <testcase classname="testSuit.testCases.HomePageTest" name="printCoursesByPrice" time="0.42"/>
  <testcase classname="testSuit.testCases.HomePageTest" name="printEngineerNames" time="0.278"/>
  <testcase classname="testSuit.testCases.HomePageTest" name="textMentorshipParagraph" time="0.05"/>
</testsuite> <!-- Tests -->
